# JRE version: OpenJDK Runtime Environment (8.0_131-b11) (build 1.8.0_131-8u131-b11-2ubuntu1.16.04.3-b11)
# Java VM: OpenJDK 64-Bit Server VM (25.131-b11 mixed mode linux-amd64 compressed oops)
Heap:
 PSYoungGen      total 139776K, used 19450K [0x00000000d8500000, 0x00000000e2300000, 0x0000000100000000)
  eden space 120320K, 0% used [0x00000000d8500000,0x00000000d8500000,0x00000000dfa80000)
  from space 19456K, 99% used [0x00000000dfa80000,0x00000000e0d7e960,0x00000000e0d80000)
  to   space 16896K, 0% used [0x00000000e0d80000,0x00000000e0d80000,0x00000000e1e00000)
 ParOldGen       total 81920K, used 29667K [0x0000000088e00000, 0x000000008de00000, 0x00000000d8500000)
  object space 81920K, 36% used [0x0000000088e00000,0x000000008aaf8e88,0x000000008de00000)
 Metaspace       used 13119K, capacity 13496K, committed 13696K, reserved 1060864K
  class space    used 1505K, capacity 1638K, committed 1664K, reserved 1048576K
GC Heap History (10 events):
Event: 2.233 GC heap after
Heap after GC invocations=2 (full 0):
 PSYoungGen      total 35840K, used 4528K [0x00000000d8500000, 0x00000000dcb00000, 0x0000000100000000)
  eden space 30720K, 0% used [0x00000000d8500000,0x00000000d8500000,0x00000000da300000)
  from space 5120K, 88% used [0x00000000da800000,0x00000000dac6c010,0x00000000dad00000)
  to   space 5120K, 0% used [0x00000000da300000,0x00000000da300000,0x00000000da800000)
 ParOldGen       total 81920K, used 16K [0x0000000088e00000, 0x000000008de00000, 0x00000000d8500000)
  object space 81920K, 0% used [0x0000000088e00000,0x0000000088e04000,0x000000008de00000)
 Metaspace       used 9421K, capacity 9644K, committed 9856K, reserved 1058816K
  class space    used 1035K, capacity 1113K, committed 1152K, reserved 1048576K
}
Event: 2.998 GC heap before
{Heap before GC invocations=3 (full 0):
 PSYoungGen      total 35840K, used 35248K [0x00000000d8500000, 0x00000000dcb00000, 0x0000000100000000)
  eden space 30720K, 100% used [0x00000000d8500000,0x00000000da300000,0x00000000da300000)
  from space 5120K, 88% used [0x00000000da800000,0x00000000dac6c010,0x00000000dad00000)
  to   space 5120K, 0% used [0x00000000da300000,0x00000000da300000,0x00000000da800000)
 ParOldGen       total 81920K, used 16K [0x0000000088e00000, 0x000000008de00000, 0x00000000d8500000)
  object space 81920K, 0% used [0x0000000088e00000,0x0000000088e04000,0x000000008de00000)
 Metaspace       used 12997K, capacity 13408K, committed 13696K, reserved 1060864K
  class space    used 1500K, capacity 1634K, committed 1664K, reserved 1048576K
Event: 3.010 GC heap after
Heap after GC invocations=3 (full 0):
 PSYoungGen      total 35840K, used 5104K [0x00000000d8500000, 0x00000000dcb00000, 0x0000000100000000)
  eden space 30720K, 0% used [0x00000000d8500000,0x00000000d8500000,0x00000000da300000)
  from space 5120K, 99% used [0x00000000da300000,0x00000000da7fc030,0x00000000da800000)
  to   space 5120K, 0% used [0x00000000dc600000,0x00000000dc600000,0x00000000dcb00000)
 ParOldGen       total 81920K, used 3788K [0x0000000088e00000, 0x000000008de00000, 0x00000000d8500000)
  object space 81920K, 4% used [0x0000000088e00000,0x00000000891b3110,0x000000008de00000)
 Metaspace       used 12997K, capacity 13408K, committed 13696K, reserved 1060864K
  class space    used 1500K, capacity 1634K, committed 1664K, reserved 1048576K
}
Event: 3.273 GC heap before
{Heap before GC invocations=4 (full 0):
 PSYoungGen      total 35840K, used 35824K [0x00000000d8500000, 0x00000000dcb00000, 0x0000000100000000)
  eden space 30720K, 100% used [0x00000000d8500000,0x00000000da300000,0x00000000da300000)
  from space 5120K, 99% used [0x00000000da300000,0x00000000da7fc030,0x00000000da800000)
  to   space 5120K, 0% used [0x00000000dc600000,0x00000000dc600000,0x00000000dcb00000)
 ParOldGen       total 81920K, used 3788K [0x0000000088e00000, 0x000000008de00000, 0x00000000d8500000)
  object space 81920K, 4% used [0x0000000088e00000,0x00000000891b3110,0x000000008de00000)
 Metaspace       used 13068K, capacity 13472K, committed 13696K, reserved 1060864K
  class space    used 1500K, capacity 1634K, committed 1664K, reserved 1048576K
Event: 3.310 GC heap after
Heap after GC invocations=4 (full 0):
 PSYoungGen      total 66560K, used 5117K [0x00000000d8500000, 0x00000000dcb00000, 0x0000000100000000)
  eden space 61440K, 0% used [0x00000000d8500000,0x00000000d8500000,0x00000000dc100000)
  from space 5120K, 99% used [0x00000000dc600000,0x00000000dcaff778,0x00000000dcb00000)
  to   space 5120K, 0% used [0x00000000dc100000,0x00000000dc100000,0x00000000dc600000)
 ParOldGen       total 81920K, used 9569K [0x0000000088e00000, 0x000000008de00000, 0x00000000d8500000)
  object space 81920K, 11% used [0x0000000088e00000,0x0000000089758548,0x000000008de00000)
 Metaspace       used 13068K, capacity 13472K, committed 13696K, reserved 1060864K
  class space    used 1500K, capacity 1634K, committed 1664K, reserved 1048576K
}
Event: 3.540 GC heap before
{Heap before GC invocations=5 (full 0):
 PSYoungGen      total 66560K, used 66557K [0x00000000d8500000, 0x00000000dcb00000, 0x0000000100000000)
  eden space 61440K, 100% used [0x00000000d8500000,0x00000000dc100000,0x00000000dc100000)
  from space 5120K, 99% used [0x00000000dc600000,0x00000000dcaff778,0x00000000dcb00000)
  to   space 5120K, 0% used [0x00000000dc100000,0x00000000dc100000,0x00000000dc600000)
 ParOldGen       total 81920K, used 9569K [0x0000000088e00000, 0x000000008de00000, 0x00000000d8500000)
  object space 81920K, 11% used [0x0000000088e00000,0x0000000089758548,0x000000008de00000)
 Metaspace       used 13112K, capacity 13496K, committed 13696K, reserved 1060864K
  class space    used 1505K, capacity 1638K, committed 1664K, reserved 1048576K
Event: 3.569 GC heap after
Heap after GC invocations=5 (full 0):
 PSYoungGen      total 66560K, used 5110K [0x00000000d8500000, 0x00000000e1e00000, 0x0000000100000000)
  eden space 61440K, 0% used [0x00000000d8500000,0x00000000d8500000,0x00000000dc100000)
  from space 5120K, 99% used [0x00000000dc100000,0x00000000dc5fdb68,0x00000000dc600000)
  to   space 16896K, 0% used [0x00000000e0d80000,0x00000000e0d80000,0x00000000e1e00000)
 ParOldGen       total 81920K, used 19186K [0x0000000088e00000, 0x000000008de00000, 0x00000000d8500000)
  object space 81920K, 23% used [0x0000000088e00000,0x000000008a0bc890,0x000000008de00000)
 Metaspace       used 13112K, capacity 13496K, committed 13696K, reserved 1060864K
  class space    used 1505K, capacity 1638K, committed 1664K, reserved 1048576K
}
Event: 3.830 GC heap before
{Heap before GC invocations=6 (full 0):
 PSYoungGen      total 66560K, used 66550K [0x00000000d8500000, 0x00000000e1e00000, 0x0000000100000000)
  eden space 61440K, 100% used [0x00000000d8500000,0x00000000dc100000,0x00000000dc100000)
  from space 5120K, 99% used [0x00000000dc100000,0x00000000dc5fdb68,0x00000000dc600000)
  to   space 16896K, 0% used [0x00000000e0d80000,0x00000000e0d80000,0x00000000e1e00000)
 ParOldGen       total 81920K, used 19186K [0x0000000088e00000, 0x000000008de00000, 0x00000000d8500000)
  object space 81920K, 23% used [0x0000000088e00000,0x000000008a0bc890,0x000000008de00000)
 Metaspace       used 13116K, capacity 13496K, committed 13696K, reserved 1060864K
  class space    used 1505K, capacity 1638K, committed 1664K, reserved 1048576K
Event: 3.856 GC heap after
Heap after GC invocations=6 (full 0):
 PSYoungGen      total 137216K, used 15417K [0x00000000d8500000, 0x00000000e2300000, 0x0000000100000000)
  eden space 120320K, 0% used [0x00000000d8500000,0x00000000d8500000,0x00000000dfa80000)
  from space 16896K, 91% used [0x00000000e0d80000,0x00000000e1c8e660,0x00000000e1e00000)
  to   space 19456K, 0% used [0x00000000dfa80000,0x00000000dfa80000,0x00000000e0d80000)
 ParOldGen       total 81920K, used 19194K [0x0000000088e00000, 0x000000008de00000, 0x00000000d8500000)
  object space 81920K, 23% used [0x0000000088e00000,0x000000008a0be890,0x000000008de00000)
 Metaspace       used 13116K, capacity 13496K, committed 13696K, reserved 1060864K
  class space    used 1505K, capacity 1638K, committed 1664K, reserved 1048576K
}
Event: 4.455 GC heap before
{Heap before GC invocations=7 (full 0):
 PSYoungGen      total 137216K, used 135737K [0x00000000d8500000, 0x00000000e2300000, 0x0000000100000000)
  eden space 120320K, 100% used [0x00000000d8500000,0x00000000dfa80000,0x00000000dfa80000)
  from space 16896K, 91% used [0x00000000e0d80000,0x00000000e1c8e660,0x00000000e1e00000)
  to   space 19456K, 0% used [0x00000000dfa80000,0x00000000dfa80000,0x00000000e0d80000)
 ParOldGen       total 81920K, used 19194K [0x0000000088e00000, 0x000000008de00000, 0x00000000d8500000)
  object space 81920K, 23% used [0x0000000088e00000,0x000000008a0be890,0x000000008de00000)
 Metaspace       used 13119K, capacity 13496K, committed 13696K, reserved 1060864K
  class space    used 1505K, capacity 1638K, committed 1664K, reserved 1048576K

